[1009/204013.096:ERROR:settings.cc(430)] Settings version is not 5
[1009/214554.056:ERROR:directory_reader_win.cc(43)] FindFirstFile: System nie mo¿e odnaleŸæ okreœlonej œcie¿ki. (0x3)
[1019/020705.802:ERROR:directory_reader_win.cc(43)] FindFirstFile: System nie mo¿e odnaleŸæ okreœlonej œcie¿ki. (0x3)
[1020/204611.193:ERROR:directory_reader_win.cc(43)] FindFirstFile: System nie mo¿e odnaleŸæ okreœlonej œcie¿ki. (0x3)
[1022/050045.663:ERROR:directory_reader_win.cc(43)] FindFirstFile: System nie mo¿e odnaleŸæ okreœlonej œcie¿ki. (0x3)
[1024/022016.626:ERROR:directory_reader_win.cc(43)] FindFirstFile: System nie mo¿e odnaleŸæ okreœlonej œcie¿ki. (0x3)
[1025/180214.982:ERROR:directory_reader_win.cc(43)] FindFirstFile: System nie mo¿e odnaleŸæ okreœlonej œcie¿ki. (0x3)
[1026/062614.179:ERROR:process_reader_win.cc(155)] SuspendThread: Odmowa dostêpu. (0x5)
[1026/062614.179:ERROR:process_reader_win.cc(127)] NtOpenThread: {Odmowa dostêpu} Proces za¿¹da³ dostêpu do obiektu, ale prawa dostêpu nie zosta³y przyznane. (0xc0000022)
[1026/062614.179:ERROR:exception_snapshot_win.cc(100)] thread ID 8412 not found in process
[1026/062614.194:ERROR:process_reader_win.cc(155)] SuspendThread: Odmowa dostêpu. (0x5)
[1026/062614.194:ERROR:process_reader_win.cc(155)] SuspendThread: Odmowa dostêpu. (0x5)
[1026/062614.194:ERROR:process_reader_win.cc(155)] SuspendThread: Odmowa dostêpu. (0x5)
[1026/062614.194:ERROR:process_reader_win.cc(155)] SuspendThread: Odmowa dostêpu. (0x5)
[1026/062614.194:ERROR:process_reader_win.cc(155)] SuspendThread: Odmowa dostêpu. (0x5)
[1026/062614.194:ERROR:process_reader_win.cc(155)] SuspendThread: Odmowa dostêpu. (0x5)
[1026/062614.194:ERROR:process_reader_win.cc(155)] SuspendThread: Odmowa dostêpu. (0x5)
[1026/062614.194:ERROR:process_reader_win.cc(155)] SuspendThread: Odmowa dostêpu. (0x5)
[1026/062614.194:ERROR:process_reader_win.cc(155)] SuspendThread: Odmowa dostêpu. (0x5)
[1026/062614.194:ERROR:process_reader_win.cc(155)] SuspendThread: Odmowa dostêpu. (0x5)
[1026/062614.194:ERROR:process_reader_win.cc(155)] SuspendThread: Odmowa dostêpu. (0x5)
[1026/062614.194:ERROR:process_reader_win.cc(155)] SuspendThread: Odmowa dostêpu. (0x5)
[1026/062614.194:ERROR:process_reader_win.cc(155)] SuspendThread: Odmowa dostêpu. (0x5)
[1026/062614.194:ERROR:process_reader_win.cc(155)] SuspendThread: Odmowa dostêpu. (0x5)
[1026/062614.194:ERROR:process_reader_win.cc(155)] SuspendThread: Odmowa dostêpu. (0x5)
[1026/062614.194:ERROR:process_reader_win.cc(127)] NtOpenThread: {Odmowa dostêpu} Proces za¿¹da³ dostêpu do obiektu, ale prawa dostêpu nie zosta³y przyznane. (0xc0000022)
[1026/062614.194:ERROR:exception_snapshot_win.cc(100)] thread ID 7392 not found in process
